Arguments: 
  /home/dvejmz/.config/nvm/versions/node/v14.15.3/bin/node /home/dvejmz/.yarn/bin/yarn.js init --empty

PATH: 
  /home/dvejmz/.yarn/bin:/home/dvejmz/.config/yarn/global/node_modules/.bin:/home/dvejmz/.config/nvm/versions/node/v14.15.3/bin:/home/dvejmz/.rvm/gems/ruby-3.0.0/bin:/home/dvejmz/.rvm/gems/ruby-3.0.0@global/bin:/home/dvejmz/.rvm/rubies/ruby-3.0.0/bin:/usr/lib64/ccache:/home/dvejmz/.cargo/bin:/usr/local/bin:/usr/bin:/bin:/home/dvejmz/bin:/usr/local/sbin:/usr/sbin:/home/dvejmz/.rvm/bin:/home/dvejmz/bin:/composer/vendor/bin:/usr/local/go/bin:/home/dvejmz/go:/home/dvejmz/go/bin:/home/dvejmz/.local/bin:/home/dvejmz/.ebcli-virtual-env/executables:/home/dvejmz/.deno/bin:/home/dvejmz/.fzf/bin:/home/dvejmz/.rvm/bin

Yarn version: 
  1.23.0-20200928.1349

Node version: 
  14.15.3

Platform: 
  linux x64

Trace: 
  Error: canceled
      at Interface.<anonymous> (/home/dvejmz/.yarn/lib/cli.js:137009:13)
      at Interface.emit (events.js:315:20)
      at Interface._ttyWrite (readline.js:875:16)
      at ReadStream.onkeypress (readline.js:213:10)
      at ReadStream.emit (events.js:315:20)
      at emitKeys (internal/readline/utils.js:345:14)
      at emitKeys.next (<anonymous>)
      at ReadStream.onData (readline.js:1144:36)
      at ReadStream.emit (events.js:315:20)
      at addChunk (internal/streams/readable.js:309:12)

npm manifest: 
  No manifest

yarn manifest: 
  No manifest

Lockfile: 
  No lockfile
